<?xml version="1.0" encoding="UTF-8"?>
<testng-results ignored="0" total="1" passed="1" failed="0" skipped="0">
  <reporter-output>
  </reporter-output>
  <suite started-at="2022-11-04T10:18:28 IST" name="Default suite" finished-at="2022-11-04T10:18:30 IST" duration-ms="1839">
    <groups>
    </groups>
    <test started-at="2022-11-04T10:18:28 IST" name="Default test" finished-at="2022-11-04T10:18:30 IST" duration-ms="1839">
      <class name="postOperation.GetById">
        <test-method signature="Get()[pri:0, instance:postOperation.GetById@2e55dd0c]" started-at="2022-11-04T10:18:28 IST" name="Get" finished-at="2022-11-04T10:18:30 IST" duration-ms="1806" status="PASS">
          <reporter-output>
          </reporter-output>
        </test-method> <!-- Get -->
      </class> <!-- postOperation.GetById -->
    </test> <!-- Default test -->
  </suite> <!-- Default suite -->
</testng-results>
